2024-03-12T09:55:56.440864Z 0 [Warning] [MY-010097] [Server] Insecure configuration for --secure-file-priv: Current value does not restrict location of generated files. Consider setting it to a valid, non-empty path.
2024-03-12T09:55:56.440911Z 0 [Warning] [MY-010918] [Server] 'default_authentication_plugin' is deprecated and will be removed in a future release. Please use authentication_policy instead.
2024-03-12T09:55:56.440949Z 0 [System] [MY-010116] [Server] D:\Code\laragon\bin\mysql\mysql-8.0.30-winx64\bin\mysqld (mysqld 8.0.30) starting as process 2736
2024-03-12T09:55:56.505741Z 1 [System] [MY-013576] [InnoDB] InnoDB initialization has started.
2024-03-12T09:55:56.507200Z 1 [ERROR] [MY-012271] [InnoDB] The innodb_system data file 'ibdata1' must be writable
2024-03-12T09:55:56.514997Z 1 [ERROR] [MY-012278] [InnoDB] The innodb_system data file 'ibdata1' must be writable
2024-03-12T09:55:56.515523Z 1 [ERROR] [MY-010334] [Server] Failed to initialize DD Storage Engine
2024-03-12T09:55:56.545228Z 0 [ERROR] [MY-010020] [Server] Data Dictionary initialization failed.
2024-03-12T09:55:56.545735Z 0 [ERROR] [MY-010119] [Server] Aborting
2024-03-12T09:55:56.549809Z 0 [System] [MY-010910] [Server] D:\Code\laragon\bin\mysql\mysql-8.0.30-winx64\bin\mysqld: Shutdown complete (mysqld 8.0.30)  MySQL Community Server - GPL.
2024-03-12T09:56:06.679943Z 0 [Warning] [MY-010097] [Server] Insecure configuration for --secure-file-priv: Current value does not restrict location of generated files. Consider setting it to a valid, non-empty path.
2024-03-12T09:56:06.679998Z 0 [Warning] [MY-010918] [Server] 'default_authentication_plugin' is deprecated and will be removed in a future release. Please use authentication_policy instead.
2024-03-12T09:56:06.680029Z 0 [System] [MY-010116] [Server] D:\Code\laragon\bin\mysql\mysql-8.0.30-winx64\bin\mysqld (mysqld 8.0.30) starting as process 13052
2024-03-12T09:56:07.374398Z 1 [System] [MY-013576] [InnoDB] InnoDB initialization has started.
2024-03-12T09:56:12.138234Z 1 [System] [MY-013577] [InnoDB] InnoDB initialization has ended.
2024-03-12T09:56:13.590427Z 0 [Warning] [MY-013829] [Server] Missing data directory for ICU regular expressions: D:\Code\laragon\bin\mysql\mysql-8.0.30-winx64\lib\private\.
2024-03-12T09:56:13.659971Z 0 [Warning] [MY-010068] [Server] CA certificate ca.pem is self signed.
2024-03-12T09:56:13.661144Z 0 [System] [MY-013602] [Server] Channel mysql_main configured to support TLS. Encrypted connections are now supported for this channel.
2024-03-12T09:56:14.092783Z 0 [System] [MY-011323] [Server] X Plugin ready for connections. Bind-address: '::' port: 33060
2024-03-12T09:56:14.092952Z 0 [System] [MY-010931] [Server] D:\Code\laragon\bin\mysql\mysql-8.0.30-winx64\bin\mysqld: ready for connections. Version: '8.0.30'  socket: ''  port: 3306  MySQL Community Server - GPL.
2024-03-12T10:11:42.651079Z 8 [System] [MY-013172] [Server] Received SHUTDOWN from user root. Shutting down mysqld (Version: 8.0.30).
2024-03-12T10:11:42.651917Z 0 [System] [MY-013105] [Server] D:\Code\laragon\bin\mysql\mysql-8.0.30-winx64\bin\mysqld: Normal shutdown.
2024-03-12T10:11:43.450545Z 0 [System] [MY-010910] [Server] D:\Code\laragon\bin\mysql\mysql-8.0.30-winx64\bin\mysqld: Shutdown complete (mysqld 8.0.30)  MySQL Community Server - GPL.
